<?xml version="1.0" encoding="UTF-8"?>
<testsuite name="praktikum.aufgabenblatt5.TestDummyKlasse" tests="1" skipped="0" failures="0" errors="0" timestamp="2021-05-03T17:14:25" hostname="187" time="0.019">
  <properties/>
  <testcase name="testSollte23Liefern()" classname="praktikum.aufgabenblatt5.TestDummyKlasse" time="0.019"/>
  <system-out><![CDATA[]]></system-out>
  <system-err><![CDATA[]]></system-err>
</testsuite>
